\BOOKMARK [0][-]{chapter.1}{Learning Task}{}% 1
\BOOKMARK [1][-]{section.1.1}{Introduction}{chapter.1}% 2
\BOOKMARK [1][-]{section.1.2}{Task description}{chapter.1}% 3
\BOOKMARK [0][-]{chapter.2}{Data analysis}{}% 4
\BOOKMARK [1][-]{section.2.1}{Data's distribution}{chapter.2}% 5
\BOOKMARK [1][-]{section.2.2}{Raw data : Does it makes sense to use them ?}{chapter.2}% 6
\BOOKMARK [1][-]{section.2.3}{Preprocessing data : Mel Frequency Cepstral Coefficients}{chapter.2}% 7
\BOOKMARK [2][-]{subsection.2.3.1}{How do we calculate those coefficients ?}{section.2.3}% 8
\BOOKMARK [2][-]{subsection.2.3.2}{Examples on the word yes}{section.2.3}% 9
\BOOKMARK [1][-]{section.2.4}{Preprocessing data : Spectral Subband centroids}{chapter.2}% 10
\BOOKMARK [0][-]{chapter.3}{Related work}{}% 11
\BOOKMARK [1][-]{section.3.1}{MLP}{chapter.3}% 12
\BOOKMARK [1][-]{section.3.2}{CNN}{chapter.3}% 13
\BOOKMARK [1][-]{section.3.3}{LSTM}{chapter.3}% 14
\BOOKMARK [0][-]{chapter.4}{Implementation}{}% 15
\BOOKMARK [1][-]{section.4.1}{Preprocessing}{chapter.4}% 16
\BOOKMARK [2][-]{subsection.4.1.1}{Data}{section.4.1}% 17
\BOOKMARK [2][-]{subsection.4.1.2}{Labels}{section.4.1}% 18
\BOOKMARK [1][-]{section.4.2}{Types of neural networks}{chapter.4}% 19
\BOOKMARK [2][-]{subsection.4.2.1}{MLP}{section.4.2}% 20
\BOOKMARK [2][-]{subsection.4.2.2}{CNN}{section.4.2}% 21
\BOOKMARK [2][-]{subsection.4.2.3}{LSTM}{section.4.2}% 22
\BOOKMARK [0][-]{chapter.5}{Results}{}% 23
\BOOKMARK [1][-]{section.5.1}{Test definition and metrics}{chapter.5}% 24
\BOOKMARK [1][-]{section.5.2}{General results}{chapter.5}% 25
\BOOKMARK [1][-]{section.5.3}{MLP}{chapter.5}% 26
\BOOKMARK [1][-]{section.5.4}{CNN}{chapter.5}% 27
\BOOKMARK [1][-]{section.5.5}{LSTM}{chapter.5}% 28
\BOOKMARK [1][-]{section.5.6}{Conclusion}{chapter.5}% 29
\BOOKMARK [0][-]{chapter.6}{Conclusion}{}% 30
\BOOKMARK [0][-]{section*.24}{Appendices}{}% 31
